15:00:52.775 [main] INFO  org.testng.internal.Utils - [TestNG] Running:
  C:\Users\vinay\eclipse-workspace\opencartFW\testng.xml

15:00:55.955 [main] INFO  testCases.TC001_AccountRegistrationPage - **** Started TC001_AccountRegistrationPage ******
15:00:56.233 [main] INFO  testCases.TC001_AccountRegistrationPage - Clicked on My Account...
15:00:56.901 [main] INFO  testCases.TC001_AccountRegistrationPage - clicked on Register...
15:00:59.147 [main] INFO  testCases.TC001_AccountRegistrationPage - **** Finished TC001_AccountRegistrationPage ****
17:37:22.217 [main] DEBUG org.testng.TestNG - suiteXmlPath: "C:\Users\vinay\eclipse-workspace\opencartFW\testng.xml"
17:37:22.608 [main] INFO  org.testng.internal.Utils - [TestNG] Running:
  C:\Users\vinay\eclipse-workspace\opencartFW\testng.xml

17:40:56.828 [main] DEBUG org.testng.TestNG - suiteXmlPath: "C:\Users\vinay\eclipse-workspace\opencartFW\testng.xml"
17:40:57.084 [main] INFO  org.testng.internal.Utils - [TestNG] Running:
  C:\Users\vinay\eclipse-workspace\opencartFW\testng.xml

17:41:01.363 [main] INFO  testCases.TC001_AccountRegistrationPage - **** Started TC001_AccountRegistrationPage ******
17:41:01.605 [main] INFO  testCases.TC001_AccountRegistrationPage - Clicked on My Account...
17:41:02.281 [main] INFO  testCases.TC001_AccountRegistrationPage - clicked on Register...
17:41:06.128 [main] INFO  testCases.TC001_AccountRegistrationPage - **** Finished TC001_AccountRegistrationPage ****
21:52:53.969 [main] DEBUG org.testng.TestNG - suiteXmlPath: "C:\Users\vinay\eclipse-workspace\opencartFW\grid-docker.xml"
21:52:54.456 [main] INFO  org.testng.internal.Utils - [TestNG] Running:
  C:\Users\vinay\eclipse-workspace\opencartFW\grid-docker.xml

21:53:05.998 [main] INFO  testCases.TC001_AccountRegistrationPage - **** Started TC001_AccountRegistrationPage ******
21:53:06.187 [main] INFO  testCases.TC001_AccountRegistrationPage - Clicked on My Account...
21:53:07.283 [main] INFO  testCases.TC001_AccountRegistrationPage - clicked on Register...
21:53:10.711 [main] INFO  testCases.TC001_AccountRegistrationPage - **** Finished TC001_AccountRegistrationPage ****
21:53:13.111 [main] INFO  testCases.TC002_LoginTest - ***** started login test page *****
21:53:15.085 [main] INFO  testCases.TC002_LoginTest - ***** Finished login test page *****
21:53:42.160 [main] DEBUG org.testng.TestNG - suiteXmlPath: "C:\Users\vinay\eclipse-workspace\opencartFW\grid-docker.xml"
21:53:42.397 [main] INFO  org.testng.internal.Utils - [TestNG] Running:
  C:\Users\vinay\eclipse-workspace\opencartFW\grid-docker.xml

21:53:46.780 [main] INFO  testCases.TC001_AccountRegistrationPage - **** Started TC001_AccountRegistrationPage ******
21:53:47.075 [main] INFO  testCases.TC001_AccountRegistrationPage - Clicked on My Account...
21:53:48.183 [main] INFO  testCases.TC001_AccountRegistrationPage - clicked on Register...
21:53:52.171 [main] INFO  testCases.TC001_AccountRegistrationPage - **** Finished TC001_AccountRegistrationPage ****
21:53:55.921 [main] INFO  testCases.TC002_LoginTest - ***** started login test page *****
21:53:58.906 [main] INFO  testCases.TC002_LoginTest - ***** Finished login test page *****
21:57:18.924 [main] DEBUG org.testng.TestNG - suiteXmlPath: "C:\Users\vinay\eclipse-workspace\opencartFW\grid-docker.xml"
21:57:19.249 [main] INFO  org.testng.internal.Utils - [TestNG] Running:
  C:\Users\vinay\eclipse-workspace\opencartFW\grid-docker.xml

21:57:23.336 [main] INFO  testCases.TC001_AccountRegistrationPage - **** Started TC001_AccountRegistrationPage ******
21:57:23.641 [main] INFO  testCases.TC001_AccountRegistrationPage - Clicked on My Account...
21:57:24.362 [main] INFO  testCases.TC001_AccountRegistrationPage - clicked on Register...
21:57:27.201 [main] INFO  testCases.TC001_AccountRegistrationPage - **** Finished TC001_AccountRegistrationPage ****
21:57:30.552 [main] INFO  testCases.TC002_LoginTest - ***** started login test page *****
21:57:33.020 [main] INFO  testCases.TC002_LoginTest - ***** Finished login test page *****
21:59:23.381 [main] DEBUG org.testng.TestNG - suiteXmlPath: "C:\Users\vinay\eclipse-workspace\opencartFW\grid-docker.xml"
21:59:23.877 [main] INFO  org.testng.internal.Utils - [TestNG] Running:
  C:\Users\vinay\eclipse-workspace\opencartFW\grid-docker.xml

21:59:36.549 [main] INFO  testCases.TC001_AccountRegistrationPage - **** Started TC001_AccountRegistrationPage ******
21:59:36.773 [main] INFO  testCases.TC001_AccountRegistrationPage - Clicked on My Account...
21:59:37.339 [main] INFO  testCases.TC001_AccountRegistrationPage - clicked on Register...
21:59:39.239 [main] INFO  testCases.TC001_AccountRegistrationPage - **** Finished TC001_AccountRegistrationPage ****
21:59:49.713 [main] INFO  testCases.TC002_LoginTest - ***** started login test page *****
21:59:51.654 [main] INFO  testCases.TC002_LoginTest - ***** Finished login test page *****
22:00:48.571 [main] DEBUG org.testng.TestNG - suiteXmlPath: "C:\Users\vinay\eclipse-workspace\opencartFW\grid-docker.xml"
